[01:30:17.086] Global cache location '/home/sewdohe/.cache/typescript/4.8', safe file path '/home/sewdohe/.nvm/versions/node/v16.16.0/lib/node_modules/typescript/lib/typingSafeList.json', types map path /home/sewdohe/.nvm/versions/node/v16.16.0/lib/node_modules/typescript/lib/typesMap.json
[01:30:17.087] Processing cache location '/home/sewdohe/.cache/typescript/4.8'
[01:30:17.087] Trying to find '/home/sewdohe/.cache/typescript/4.8/package.json'...
[01:30:17.089] Loaded content of '/home/sewdohe/.cache/typescript/4.8/package.json': {"private":true,"dependencies":{"types-registry":"^0.1.614"},"devDependencies":{"@types/bootstrap":"^5.2.5","@types/common-tags":"^1.8.1","@types/eslint":"^8.4.6","@types/express":"^4.17.14","@types/glob":"^8.0.0","@types/gray-percentage":"^2.0.0","@types/mime":"^3.0.1","@types/minimatch":"^5.1.2","@types/node":"^18.7.17","@types/object-assign":"^4.0.30","@types/prop-types":"^15.7.5","@types/reach__router":"^1.3.11","@types/react":"^18.0.21","@types/react-bootstrap":"^0.32.31","@types/react-dom":"^18.0.6","@types/react-helmet":"^6.1.5","@types/react-transition-group":"^4.4.5","@types/styled-components":"^5.1.26","@types/typography":"^0.16.4","@types/typography-breakpoint-constants":"^0.16.0"}}
[01:30:17.089] Loaded content of '/home/sewdohe/.cache/typescript/4.8/package-lock.json'
[01:30:17.099] Adding entry into typings cache: 'bootstrap' => '/home/sewdohe/.cache/typescript/4.8/node_modules/@types/bootstrap/index.d.ts'
[01:30:17.101] Adding entry into typings cache: 'common-tags' => '/home/sewdohe/.cache/typescript/4.8/node_modules/@types/common-tags/index.d.ts'
[01:30:17.103] Adding entry into typings cache: 'eslint' => '/home/sewdohe/.cache/typescript/4.8/node_modules/@types/eslint/index.d.ts'
[01:30:17.104] Adding entry into typings cache: 'express' => '/home/sewdohe/.cache/typescript/4.8/node_modules/@types/express/index.d.ts'
[01:30:17.105] Adding entry into typings cache: 'glob' => '/home/sewdohe/.cache/typescript/4.8/node_modules/@types/glob/index.d.ts'
[01:30:17.106] Adding entry into typings cache: 'gray-percentage' => '/home/sewdohe/.cache/typescript/4.8/node_modules/@types/gray-percentage/index.d.ts'
[01:30:17.107] Adding entry into typings cache: 'mime' => '/home/sewdohe/.cache/typescript/4.8/node_modules/@types/mime/index.d.ts'
[01:30:17.109] Adding entry into typings cache: 'minimatch' => '/home/sewdohe/.cache/typescript/4.8/node_modules/@types/minimatch/index.d.ts'
[01:30:17.115] Adding entry into typings cache: 'node' => '/home/sewdohe/.cache/typescript/4.8/node_modules/@types/node/index.d.ts'
[01:30:17.116] Adding entry into typings cache: 'object-assign' => '/home/sewdohe/.cache/typescript/4.8/node_modules/@types/object-assign/index.d.ts'
[01:30:17.117] Adding entry into typings cache: 'prop-types' => '/home/sewdohe/.cache/typescript/4.8/node_modules/@types/prop-types/index.d.ts'
[01:30:17.119] Adding entry into typings cache: 'reach__router' => '/home/sewdohe/.cache/typescript/4.8/node_modules/@types/reach__router/index.d.ts'
[01:30:17.121] Adding entry into typings cache: 'react' => '/home/sewdohe/.cache/typescript/4.8/node_modules/@types/react/index.d.ts'
[01:30:17.122] Adding entry into typings cache: 'react-bootstrap' => '/home/sewdohe/.cache/typescript/4.8/node_modules/@types/react-bootstrap/index.d.ts'
[01:30:17.123] Adding entry into typings cache: 'react-dom' => '/home/sewdohe/.cache/typescript/4.8/node_modules/@types/react-dom/index.d.ts'
[01:30:17.125] Adding entry into typings cache: 'react-helmet' => '/home/sewdohe/.cache/typescript/4.8/node_modules/@types/react-helmet/index.d.ts'
[01:30:17.126] Adding entry into typings cache: 'react-transition-group' => '/home/sewdohe/.cache/typescript/4.8/node_modules/@types/react-transition-group/index.d.ts'
[01:30:17.128] Adding entry into typings cache: 'styled-components' => '/home/sewdohe/.cache/typescript/4.8/node_modules/@types/styled-components/index.d.ts'
[01:30:17.129] Adding entry into typings cache: 'typography' => '/home/sewdohe/.cache/typescript/4.8/node_modules/@types/typography/index.d.ts'
[01:30:17.129] Adding entry into typings cache: 'typography-breakpoint-constants' => '/home/sewdohe/.cache/typescript/4.8/node_modules/@types/typography-breakpoint-constants/index.d.ts'
[01:30:17.129] Finished processing cache location '/home/sewdohe/.cache/typescript/4.8'
[01:30:17.130] Process id: 80481
[01:30:17.130] NPM location: /home/sewdohe/.nvm/versions/node/v16.16.0/bin/npm (explicit '--npmLocation' not  provided)
[01:30:17.130] validateDefaultNpmLocation: false
[01:30:17.130] Npm config file: /home/sewdohe/.cache/typescript/4.8/package.json
[01:30:17.130] Updating types-registry npm package...
[01:30:17.130] Exec: /home/sewdohe/.nvm/versions/node/v16.16.0/bin/npm install --ignore-scripts types-registry@latest
[01:30:18.050]     Succeeded. stdout:
    
    up to date, audited 36 packages in 633ms

1 package is looking for funding
  run `npm fund` for details

found 0 vulnerabilities

[01:30:18.050] Updated types-registry npm package
